Build started 12/12/2017 10:25:14 م.
     1>Project "C:\Users\MohamedIsmail\Documents\Visual Studio 2013\Projects\Mpi Assignment 6\Mpi\Mpi.vcxproj" on node 2 (Rebuild target(s)).
     1>ClCompile:
         C:\Program Files (x86)\Microsoft Visual Studio 12.0\VC\bin\CL.exe /c /I"C:\Program Files\MPICH2\include" /ZI /nologo /W3 /WX- /sdl /Od /Oy- /D _MBCS /Gm /EHsc /RTC1 /MDd /GS /fp:precise /Zc:wchar_t /Zc:forScope /Fo"Debug\\" /Fd"Debug\vc120.pdb" /Gd /TP /analyze- /errorReport:prompt Source.cpp
         Source.cpp
     1>c:\users\mohamedismail\documents\visual studio 2013\projects\mpi assignment 6\mpi\source.cpp(11): warning C4101: 'count' : unreferenced local variable
     1>c:\users\mohamedismail\documents\visual studio 2013\projects\mpi assignment 6\mpi\source.cpp(12): warning C4101: 'B' : unreferenced local variable
     1>c:\users\mohamedismail\documents\visual studio 2013\projects\mpi assignment 6\mpi\source.cpp(12): warning C4101: 'A' : unreferenced local variable
       Link:
         C:\Program Files (x86)\Microsoft Visual Studio 12.0\VC\bin\link.exe /ERRORREPORT:PROMPT /OUT:"C:\Users\MohamedIsmail\Documents\Visual Studio 2013\Projects\Mpi Assignment 6\Debug\Mpi.exe" /INCREMENTAL /NOLOGO /LIBPATH:"C:\Program Files\MPICH2\lib" cxx.lib mpi.lib kernel32.lib user32.lib gdi32.lib winspool.lib comdlg32.lib advapi32.lib shell32.lib ole32.lib oleaut32.lib uuid.lib odbc32.lib odbccp32.lib /MANIFEST /MANIFESTUAC:"level='asInvoker' uiAccess='false'" /manifest:embed /DEBUG /PDB:"C:\Users\MohamedIsmail\Documents\Visual Studio 2013\Projects\Mpi Assignment 6\Debug\Mpi.pdb" /TLBID:1 /DYNAMICBASE /NXCOMPAT /IMPLIB:"C:\Users\MohamedIsmail\Documents\Visual Studio 2013\Projects\Mpi Assignment 6\Debug\Mpi.lib" /MACHINE:X86 Debug\Source.obj
     1>Source.obj : error LNK2019: unresolved external symbol _MPI_Send referenced in function _main
     1>Source.obj : error LNK2019: unresolved external symbol _MPI_Recv referenced in function _main
     1>Source.obj : error LNK2019: unresolved external symbol _MPI_Gather referenced in function _main
     1>Source.obj : error LNK2019: unresolved external symbol _MPI_Scatter referenced in function _main
     1>Source.obj : error LNK2019: unresolved external symbol _MPI_Comm_size referenced in function _main
     1>Source.obj : error LNK2019: unresolved external symbol _MPI_Comm_rank referenced in function _main
     1>Source.obj : error LNK2019: unresolved external symbol _MPI_Init referenced in function _main
     1>Source.obj : error LNK2019: unresolved external symbol _MPI_Finalize referenced in function _main
     1>C:\Users\MohamedIsmail\Documents\Visual Studio 2013\Projects\Mpi Assignment 6\Debug\Mpi.exe : fatal error LNK1120: 8 unresolved externals
     1>Done Building Project "C:\Users\MohamedIsmail\Documents\Visual Studio 2013\Projects\Mpi Assignment 6\Mpi\Mpi.vcxproj" (Rebuild target(s)) -- FAILED.

Build FAILED.

Time Elapsed 00:00:10.77
